 ⨯ [Error: Cannot find module './524.js'
Require stack:
- C:\Users\WIN 10\doll-lifecycle-system\.next\server\webpack-runtime.js
- C:\Users\WIN 10\doll-lifecycle-system\.next\server\pages\_document.js
- C:\Users\WIN 10\doll-lifecycle-system\node_modules\next\dist\server\require.js
- C:\Users\WIN 10\doll-lifecycle-system\node_modules\next\dist\server\next-server.js
- C:\Users\WIN 10\doll-lifecycle-system\node_modules\next\dist\server\next.js
- C:\Users\WIN 10\doll-lifecycle-system\node_modules\next\dist\server\lib\start-server.js
- C:\Users\WIN 10\doll-lifecycle-system\node_modules\next\dist\cli\next-start.js] {
  code: 'MODULE_NOT_FOUND',
  requireStack: [Array]
}
 ⨯ [Error: Cannot find module './548.js'
Require stack:
- C:\Users\WIN 10\doll-lifecycle-system\.next\server\webpack-runtime.js
- C:\Users\WIN 10\doll-lifecycle-system\.next\server\pages\_document.js
- C:\Users\WIN 10\doll-lifecycle-system\node_modules\next\dist\server\require.js
- C:\Users\WIN 10\doll-lifecycle-system\node_modules\next\dist\server\next-server.js
- C:\Users\WIN 10\doll-lifecycle-system\node_modules\next\dist\server\next.js
- C:\Users\WIN 10\doll-lifecycle-system\node_modules\next\dist\server\lib\start-server.js
- C:\Users\WIN 10\doll-lifecycle-system\node_modules\next\dist\cli\next-start.js] {
  code: 'MODULE_NOT_FOUND',
  requireStack: [Array]
}
^C